<?xml version="1.0" encoding="UTF-8"?>
<coverage generated="1624783371195" clover="3.2.0">
  <project timestamp="1624783371196" name="All files">
    <metrics statements="7" coveredstatements="7" conditionals="4" coveredconditionals="4" methods="1" coveredmethods="1" elements="12" coveredelements="12" complexity="0" loc="7" ncloc="7" packages="1" files="1" classes="1"/>
    <file name="app.js" path="C:\Users\dinya\OneDrive\Рабочий стол\Netology\Ajs-homeworks\Unit-test\clearfun\src\js\app.js">
      <metrics statements="7" coveredstatements="7" conditionals="4" coveredconditionals="4" methods="1" coveredmethods="1"/>
      <line num="2" count="5" type="stmt"/>
      <line num="3" count="5" type="cond" truecount="2" falsecount="0"/>
      <line num="4" count="1" type="stmt"/>
      <line num="5" count="4" type="cond" truecount="2" falsecount="0"/>
      <line num="6" count="1" type="stmt"/>
      <line num="8" count="3" type="stmt"/>
      <line num="10" count="5" type="stmt"/>
    </file>
  </project>
</coverage>
