{"C:\\Users\\dinya\\OneDrive\\Рабочий стол\\Netology\\Ajs-homeworks\\Unit-test\\clearfun\\src\\js\\app.js": {"path":"C:\\Users\\dinya\\OneDrive\\Рабочий стол\\Netology\\Ajs-homeworks\\Unit-test\\clearfun\\src\\js\\app.js","statementMap":{"0":{"start":{"line":2,"column":15},"end":{"line":2,"column":17}},"1":{"start":{"line":3,"column":2},"end":{"line":9,"column":3}},"2":{"start":{"line":4,"column":4},"end":{"line":4,"column":23}},"3":{"start":{"line":5,"column":9},"end":{"line":9,"column":3}},"4":{"start":{"line":6,"column":4},"end":{"line":6,"column":24}},"5":{"start":{"line":8,"column":4},"end":{"line":8,"column":23}},"6":{"start":{"line":10,"column":2},"end":{"line":10,"column":16}}},"fnMap":{"0":{"name":"gameHealth","decl":{"start":{"line":1,"column":24},"end":{"line":1,"column":34}},"loc":{"start":{"line":1,"column":41},"end":{"line":11,"column":1}},"line":1}},"branchMap":{"0":{"loc":{"start":{"line":3,"column":2},"end":{"line":9,"column":3}},"type":"if","locations":[{"start":{"line":3,"column":2},"end":{"line":9,"column":3}},{"start":{"line":3,"column":2},"end":{"line":9,"column":3}}],"line":3},"1":{"loc":{"start":{"line":5,"column":9},"end":{"line":9,"column":3}},"type":"if","locations":[{"start":{"line":5,"column":9},"end":{"line":9,"column":3}},{"start":{"line":5,"column":9},"end":{"line":9,"column":3}}],"line":5}},"s":{"0":5,"1":5,"2":1,"3":4,"4":1,"5":3,"6":5},"f":{"0":5},"b":{"0":[1,4],"1":[1,3]},"_coverageSchema":"1a1c01bbd47fc00a2c39e90264f33305004495a9","hash":"9e670060f7939098cfe2ae1e4c0cde1c90857af8"}
}
